malitounik-bgkc/build/intermediates/manifest_merge_blame_file/release/manifest-merger-blame-release-report.txt
1<?xml version="1.0" encoding="utf-8"?>
2<manifest xmlns:android="http://schemas.android.com/apk/res/android"
3    xmlns:dist="http://schemas.android.com/apk/distribution"
4    package="by.carkva_gazeta.malitounik"
5    android:versionCode="43635"
6    android:versionName="3.8.0" >
7
8    <uses-sdk
9        android:minSdkVersion="14"
9-->src/main/AndroidManifest.xml
10        android:targetSdkVersion="29" />
10-->src/main/AndroidManifest.xml
11
12    <uses-permission android:name="android.permission.ACCESS_NETWORK_STATE" />
12-->src/main/AndroidManifest.xml:7:5-79
12-->src/main/AndroidManifest.xml:7:22-76
13    <uses-permission android:name="android.permission.VIBRATE" />
13-->src/main/AndroidManifest.xml:8:5-66
13-->src/main/AndroidManifest.xml:8:22-63
14    <uses-permission android:name="android.permission.WRITE_EXTERNAL_STORAGE" />
14-->src/main/AndroidManifest.xml:9:5-81
14-->src/main/AndroidManifest.xml:9:22-78
15    <uses-permission android:name="android.permission.RECEIVE_BOOT_COMPLETED" />
15-->src/main/AndroidManifest.xml:10:5-81
15-->src/main/AndroidManifest.xml:10:22-78
16    <uses-permission android:name="android.permission.QUICKBOOT_POWERON" />
16-->src/main/AndroidManifest.xml:11:5-76
16-->src/main/AndroidManifest.xml:11:22-73
17    <uses-permission android:name="android.permission.INTERNET" />
17-->src/main/AndroidManifest.xml:12:5-67
17-->src/main/AndroidManifest.xml:12:22-64
18
19    <dist:module dist:instant="true" />
19-->src/main/AndroidManifest.xml:14:5-40
19-->src/main/AndroidManifest.xml:14:18-37
20    <!-- Permission will be merged into the manifest of the hosting app. -->
21    <!-- Is required to launch foreground extraction service for targetSdkVersion 28+. -->
22    <uses-permission android:name="android.permission.FOREGROUND_SERVICE" />
22-->[com.google.android.play:core:1.7.3] AndroidManifest.xml:8:3-74
22-->[com.google.android.play:core:1.7.3] AndroidManifest.xml:8:20-72
23
24    <application
24-->src/main/AndroidManifest.xml:16:5-357:19
25        android:name="by.carkva_gazeta.malitounik.Malitounik"
25-->src/main/AndroidManifest.xml:17:9-35
26        android:allowBackup="true"
26-->src/main/AndroidManifest.xml:18:9-35
27        android:appComponentFactory="androidx.core.app.CoreComponentFactory"
27-->[androidx.core:core:1.3.0] AndroidManifest.xml:24:18-86
28        android:fullBackupContent="@xml/backup_descriptor"
28-->src/main/AndroidManifest.xml:19:9-59
29        android:hardwareAccelerated="true"
29-->[:resources] AndroidManifest.xml:21:18-52
30        android:icon="@mipmap/ic_launcher"
30-->src/main/AndroidManifest.xml:20:9-43
31        android:installLocation="internalOnly"
31-->src/main/AndroidManifest.xml:21:9-47
32        android:label="Малітоўнік"
32-->src/main/AndroidManifest.xml:22:9-35
33        android:restoreAnyVersion="true"
33-->src/main/AndroidManifest.xml:23:9-41
34        android:roundIcon="@mipmap/ic_launcher_round"
34-->src/main/AndroidManifest.xml:24:9-54
35        android:theme="@style/AppTheme"
35-->src/main/AndroidManifest.xml:25:9-40
36        android:usesCleartextTraffic="true" >
36-->src/main/AndroidManifest.xml:26:9-44
37        <activity
37-->src/main/AndroidManifest.xml:29:9-156:20
38            android:name="by.carkva_gazeta.malitounik.SplashActivity"
38-->src/main/AndroidManifest.xml:30:13-70
39            android:label="@string/app_name"
39-->src/main/AndroidManifest.xml:31:13-45
40            android:theme="@style/SplashTheme" >
40-->src/main/AndroidManifest.xml:32:13-47
41            <intent-filter>
41-->src/main/AndroidManifest.xml:33:13-38:29
42                <action android:name="android.intent.action.MAIN" />
42-->src/main/AndroidManifest.xml:34:17-69
42-->src/main/AndroidManifest.xml:34:25-66
43
44                <category android:name="android.intent.category.LAUNCHER" />
44-->src/main/AndroidManifest.xml:36:17-77
44-->src/main/AndroidManifest.xml:36:27-74
45                <category android:name="android.intent.category.DEFAULT" />
45-->src/main/AndroidManifest.xml:37:17-76
45-->src/main/AndroidManifest.xml:37:27-73
46            </intent-filter>
47
48            <meta-data
48-->src/main/AndroidManifest.xml:40:13-42:53
49                android:name="android.app.shortcuts"
49-->src/main/AndroidManifest.xml:41:17-53
50                android:resource="@xml/shortcuts" />
50-->src/main/AndroidManifest.xml:42:17-50
51
52            <!--
53            <meta-data
54                android:name="android.support.PARENT_ACTIVITY"
55                android:value="by.carkva_gazeta.malitounikApp.bogashlugbovya" />
56            <intent-filter>
57                <action android:name="android.intent.action.VIEW" />
58                <category android:name="android.intent.category.DEFAULT" />
59                <data android:host="by.carkva_gazeta.malitounikApp" android:scheme="file" />
60                <data android:pathPattern=".*\\.fb2\\.zip"/>
61                <data android:pathPattern=".*\\.fb2"/>
62                <data android:pathPattern=".*\\.epub"/>
63                <data android:pathPattern=".*\\.zip"/>
64                <data android:pathPattern=".*\\.txt"/>
65                <data android:pathPattern=".*\\.html"/>
66                <data android:pathPattern=".*\\.xhtml"/>
67                <data android:pathPattern=".*\\.htm"/>
68                <data android:pathPattern=".*\\.chm"/>
69                <data android:pathPattern=".*\\.pdb"/>
70                <data android:pathPattern=".*\\.doc"/>
71                <data android:pathPattern=".*\\.prc"/>
72                <data android:pathPattern=".*\\.pml"/>
73                <data android:pathPattern=".*\\.mobi"/>
74                <data android:pathPattern=".*\\.azw"/>
75                <data android:pathPattern=".*\\.tcr"/>
76            </intent-filter>
77            <intent-filter>
78                <action android:name="android.intent.action.MAIN" />
79
80                <category android:name="android.intent.category.LAUNCHER" />
81            </intent-filter>
82            -->
83            <intent-filter>
83-->src/main/AndroidManifest.xml:73:13-82:29
84                <action android:name="android.intent.action.VIEW" />
84-->src/main/AndroidManifest.xml:74:17-69
84-->src/main/AndroidManifest.xml:74:25-66
85
86                <category android:name="android.intent.category.BROWSABLE" />
86-->src/main/AndroidManifest.xml:76:17-78
86-->src/main/AndroidManifest.xml:76:27-75
87                <category android:name="android.intent.category.DEFAULT" />
87-->src/main/AndroidManifest.xml:37:17-76
87-->src/main/AndroidManifest.xml:37:27-73
88
89                <data android:scheme="content" />
89-->src/main/AndroidManifest.xml:79:17-50
89-->src/main/AndroidManifest.xml:79:23-47
90                <data android:scheme="file" />
90-->src/main/AndroidManifest.xml:79:17-50
90-->src/main/AndroidManifest.xml:79:23-47
91                <data android:mimeType="application/pdf" />
91-->src/main/AndroidManifest.xml:79:17-50
91-->src/main/AndroidManifest.xml:81:23-57
92            </intent-filter>
93            <intent-filter>
93-->src/main/AndroidManifest.xml:83:13-92:29
94                <action android:name="android.intent.action.VIEW" />
94-->src/main/AndroidManifest.xml:74:17-69
94-->src/main/AndroidManifest.xml:74:25-66
95
96                <category android:name="android.intent.category.BROWSABLE" />
96-->src/main/AndroidManifest.xml:76:17-78
96-->src/main/AndroidManifest.xml:76:27-75
97                <category android:name="android.intent.category.DEFAULT" />
97-->src/main/AndroidManifest.xml:37:17-76
97-->src/main/AndroidManifest.xml:37:27-73
98
99                <data android:scheme="content" />
99-->src/main/AndroidManifest.xml:79:17-50
99-->src/main/AndroidManifest.xml:79:23-47
100                <data android:scheme="file" />
100-->src/main/AndroidManifest.xml:79:17-50
100-->src/main/AndroidManifest.xml:79:23-47
101                <data android:mimeType="application/epub+zip" />
101-->src/main/AndroidManifest.xml:79:17-50
101-->src/main/AndroidManifest.xml:81:23-57
102            </intent-filter>
103            <!--
104            <intent-filter>
105                <action android:name="android.intent.action.VIEW" />
106
107                <category android:name="android.intent.category.BROWSABLE" />
108                <category android:name="android.intent.category.DEFAULT" />
109
110                <data android:scheme="content" />
111                <data android:scheme="file" />
112                <data android:mimeType="application/fb2" />
113            </intent-filter>
114            -->
115            <intent-filter>
115-->src/main/AndroidManifest.xml:103:13-114:29
116                <action android:name="android.intent.action.VIEW" />
116-->src/main/AndroidManifest.xml:74:17-69
116-->src/main/AndroidManifest.xml:74:25-66
117
118                <category android:name="android.intent.category.BROWSABLE" />
118-->src/main/AndroidManifest.xml:76:17-78
118-->src/main/AndroidManifest.xml:76:27-75
119                <category android:name="android.intent.category.DEFAULT" />
119-->src/main/AndroidManifest.xml:37:17-76
119-->src/main/AndroidManifest.xml:37:27-73
120
121                <data android:scheme="content" />
121-->src/main/AndroidManifest.xml:79:17-50
121-->src/main/AndroidManifest.xml:79:23-47
122                <data android:scheme="file" />
122-->src/main/AndroidManifest.xml:79:17-50
122-->src/main/AndroidManifest.xml:79:23-47
123                <data android:host="*" />
123-->src/main/AndroidManifest.xml:79:17-50
123-->src/main/AndroidManifest.xml:111:23-39
124                <data android:pathPattern=".*\\.fb2.zip" />
124-->src/main/AndroidManifest.xml:79:17-50
124-->src/main/AndroidManifest.xml:112:23-57
125                <data android:mimeType="application/zip" />
125-->src/main/AndroidManifest.xml:79:17-50
125-->src/main/AndroidManifest.xml:81:23-57
126            </intent-filter>
127            <intent-filter>
127-->src/main/AndroidManifest.xml:115:13-124:29
128                <action android:name="android.intent.action.VIEW" />
128-->src/main/AndroidManifest.xml:74:17-69
128-->src/main/AndroidManifest.xml:74:25-66
129
130                <category android:name="android.intent.category.BROWSABLE" />
130-->src/main/AndroidManifest.xml:76:17-78
130-->src/main/AndroidManifest.xml:76:27-75
131                <category android:name="android.intent.category.DEFAULT" />
131-->src/main/AndroidManifest.xml:37:17-76
131-->src/main/AndroidManifest.xml:37:27-73
132
133                <data android:scheme="content" />
133-->src/main/AndroidManifest.xml:79:17-50
133-->src/main/AndroidManifest.xml:79:23-47
134                <data android:scheme="file" />
134-->src/main/AndroidManifest.xml:79:17-50
134-->src/main/AndroidManifest.xml:79:23-47
135                <data android:mimeType="text/plain" />
135-->src/main/AndroidManifest.xml:79:17-50
135-->src/main/AndroidManifest.xml:81:23-57
136            </intent-filter>
137            <intent-filter>
137-->src/main/AndroidManifest.xml:125:13-134:29
138                <action android:name="android.intent.action.VIEW" />
138-->src/main/AndroidManifest.xml:74:17-69
138-->src/main/AndroidManifest.xml:74:25-66
139
140                <category android:name="android.intent.category.BROWSABLE" />
140-->src/main/AndroidManifest.xml:76:17-78
140-->src/main/AndroidManifest.xml:76:27-75
141                <category android:name="android.intent.category.DEFAULT" />
141-->src/main/AndroidManifest.xml:37:17-76
141-->src/main/AndroidManifest.xml:37:27-73
142
143                <data android:scheme="content" />
143-->src/main/AndroidManifest.xml:79:17-50
143-->src/main/AndroidManifest.xml:79:23-47
144                <data android:scheme="file" />
144-->src/main/AndroidManifest.xml:79:17-50
144-->src/main/AndroidManifest.xml:79:23-47
145                <data android:mimeType="text/html" />
145-->src/main/AndroidManifest.xml:79:17-50
145-->src/main/AndroidManifest.xml:81:23-57
146            </intent-filter>
147
148            <!--
149            <intent-filter>
150                <action android:name="android.intent.action.VIEW" />
151
152                <category android:name="android.intent.category.DEFAULT" />
153                <category android:name="android.intent.category.BROWSABLE" />
154
155                <data android:host="m.carkva-gazeta.by" />
156                <data android:scheme="bgkc" />
157                <data android:pathPrefix="/caliandar" />
158            </intent-filter>
159            <intent-filter>
160                <action android:name="android.intent.action.VIEW" />
161
162                <category android:name="android.intent.category.DEFAULT" />
163                <category android:name="android.intent.category.BROWSABLE" />
164
165                <data android:host="m.carkva-gazeta.by" />
166                <data android:scheme="bgkc" />
167                <data android:pathPrefix="/biblija" />
168            </intent-filter>
169            -->
170        </activity>
171        <activity
171-->src/main/AndroidManifest.xml:158:9-161:59
172            android:name="by.carkva_gazeta.malitounik.MainActivity"
172-->src/main/AndroidManifest.xml:159:13-68
173            android:label="@string/app_name"
173-->src/main/AndroidManifest.xml:160:13-45
174            android:theme="@style/AppTheme.NoActionBar" />
174-->src/main/AndroidManifest.xml:161:13-56
175        <activity
175-->src/main/AndroidManifest.xml:162:9-169:20
176            android:name="by.carkva_gazeta.malitounik.Onas"
176-->src/main/AndroidManifest.xml:163:13-60
177            android:label="@string/PRA_NAS"
177-->src/main/AndroidManifest.xml:164:13-44
178            android:theme="@style/AppTheme.NoActionBar" >
178-->src/main/AndroidManifest.xml:165:13-56
179            <meta-data
179-->src/main/AndroidManifest.xml:166:13-168:76
180                android:name="android.support.PARENT_ACTIVITY"
180-->src/main/AndroidManifest.xml:167:17-63
181                android:value="by.carkva_gazeta.malitounik.MainActivity" />
181-->src/main/AndroidManifest.xml:168:17-73
182        </activity>
183        <activity
183-->src/main/AndroidManifest.xml:171:9-174:59
184            android:name="by.carkva_gazeta.malitounik.CaliandarMun"
184-->src/main/AndroidManifest.xml:172:13-68
185            android:label="@string/kaliandar"
185-->src/main/AndroidManifest.xml:173:13-46
186            android:theme="@style/AppTheme.NoActionBar" />
186-->src/main/AndroidManifest.xml:174:13-56
187        <activity
187-->src/main/AndroidManifest.xml:176:9-183:20
188            android:name="by.carkva_gazeta.malitounik.Pasxa"
188-->src/main/AndroidManifest.xml:177:13-61
189            android:label="@string/pascha_kaliandar_bel"
189-->src/main/AndroidManifest.xml:178:13-57
190            android:theme="@style/AppTheme.NoActionBar" >
190-->src/main/AndroidManifest.xml:179:13-56
191            <meta-data
191-->src/main/AndroidManifest.xml:166:13-168:76
192                android:name="android.support.PARENT_ACTIVITY"
192-->src/main/AndroidManifest.xml:167:17-63
193                android:value="by.carkva_gazeta.malitounik.MainActivity" />
193-->src/main/AndroidManifest.xml:168:17-73
194        </activity>
195        <activity
195-->src/main/AndroidManifest.xml:184:9-192:20
196            android:name="by.carkva_gazeta.malitounik.Sabytie"
196-->src/main/AndroidManifest.xml:185:13-63
197            android:label="@string/sabytie"
197-->src/main/AndroidManifest.xml:186:13-44
198            android:theme="@style/AppTheme.NoActionBar"
198-->src/main/AndroidManifest.xml:188:13-56
199            android:windowSoftInputMode="adjustPan" >
199-->src/main/AndroidManifest.xml:187:13-52
200            <meta-data
200-->src/main/AndroidManifest.xml:166:13-168:76
201                android:name="android.support.PARENT_ACTIVITY"
201-->src/main/AndroidManifest.xml:167:17-63
202                android:value="by.carkva_gazeta.malitounik.MainActivity" />
202-->src/main/AndroidManifest.xml:168:17-73
203        </activity>
204        <activity
204-->src/main/AndroidManifest.xml:193:9-200:20
205            android:name="by.carkva_gazeta.malitounik.Help"
205-->src/main/AndroidManifest.xml:194:13-60
206            android:label="@string/help"
206-->src/main/AndroidManifest.xml:195:13-41
207            android:theme="@style/AppTheme.NoActionBar" >
207-->src/main/AndroidManifest.xml:196:13-56
208            <meta-data
208-->src/main/AndroidManifest.xml:166:13-168:76
209                android:name="android.support.PARENT_ACTIVITY"
209-->src/main/AndroidManifest.xml:167:17-63
210                android:value="by.carkva_gazeta.malitounik.MainActivity" />
210-->src/main/AndroidManifest.xml:168:17-73
211        </activity>
212        <activity
212-->src/main/AndroidManifest.xml:201:9-208:20
213            android:name="by.carkva_gazeta.malitounik.SettingsActivity"
213-->src/main/AndroidManifest.xml:202:13-72
214            android:label="@string/tools_item"
214-->src/main/AndroidManifest.xml:203:13-47
215            android:theme="@style/AppTheme.NoActionBar" >
215-->src/main/AndroidManifest.xml:204:13-56
216            <meta-data
216-->src/main/AndroidManifest.xml:166:13-168:76
217                android:name="android.support.PARENT_ACTIVITY"
217-->src/main/AndroidManifest.xml:167:17-63
218                android:value="by.carkva_gazeta.malitounik.MainActivity" />
218-->src/main/AndroidManifest.xml:168:17-73
219        </activity>
220        <activity
220-->src/main/AndroidManifest.xml:209:9-216:20
221            android:name="by.carkva_gazeta.malitounik.Naviny"
221-->src/main/AndroidManifest.xml:210:13-62
222            android:configChanges="orientation|keyboardHidden|screenSize"
222-->src/main/AndroidManifest.xml:211:13-74
223            android:theme="@style/AppTheme.NoActionBar" >
223-->src/main/AndroidManifest.xml:212:13-56
224            <meta-data
224-->src/main/AndroidManifest.xml:166:13-168:76
225                android:name="android.support.PARENT_ACTIVITY"
225-->src/main/AndroidManifest.xml:167:17-63
226                android:value="by.carkva_gazeta.malitounik.MainActivity" />
226-->src/main/AndroidManifest.xml:168:17-73
227        </activity>
228        <activity
228-->src/main/AndroidManifest.xml:217:9-225:20
229            android:name="by.carkva_gazeta.malitounik.SearchSviatyia"
229-->src/main/AndroidManifest.xml:218:13-70
230            android:label="@string/search_svityia"
230-->src/main/AndroidManifest.xml:219:13-51
231            android:theme="@style/AppTheme.NoActionBar"
231-->src/main/AndroidManifest.xml:220:13-56
232            android:windowSoftInputMode="stateVisible|adjustPan" >
232-->src/main/AndroidManifest.xml:221:13-65
233            <meta-data
233-->src/main/AndroidManifest.xml:166:13-168:76
234                android:name="android.support.PARENT_ACTIVITY"
234-->src/main/AndroidManifest.xml:167:17-63
235                android:value="by.carkva_gazeta.malitounik.MainActivity" />
235-->src/main/AndroidManifest.xml:168:17-73
236        </activity>
237        <activity
237-->src/main/AndroidManifest.xml:226:9-233:20
238            android:name="by.carkva_gazeta.malitounik.MalitvyPasliaPrychascia"
238-->src/main/AndroidManifest.xml:227:13-79
239            android:label="@string/pasliaPrychscia"
239-->src/main/AndroidManifest.xml:228:13-52
240            android:theme="@style/AppTheme.NoActionBar" >
240-->src/main/AndroidManifest.xml:229:13-56
241            <meta-data
241-->src/main/AndroidManifest.xml:166:13-168:76
242                android:name="android.support.PARENT_ACTIVITY"
242-->src/main/AndroidManifest.xml:167:17-63
243                android:value="by.carkva_gazeta.malitounik.MainActivity" />
243-->src/main/AndroidManifest.xml:168:17-73
244        </activity>
245        <activity
245-->src/main/AndroidManifest.xml:234:9-241:20
246            android:name="by.carkva_gazeta.malitounik.TonNiadzelny"
246-->src/main/AndroidManifest.xml:235:13-68
247            android:label="@string/ton_n"
247-->src/main/AndroidManifest.xml:236:13-42
248            android:theme="@style/AppTheme.NoActionBar" >
248-->src/main/AndroidManifest.xml:237:13-56
249            <meta-data
249-->src/main/AndroidManifest.xml:166:13-168:76
250                android:name="android.support.PARENT_ACTIVITY"
250-->src/main/AndroidManifest.xml:167:17-63
251                android:value="by.carkva_gazeta.malitounik.MainActivity" />
251-->src/main/AndroidManifest.xml:168:17-73
252        </activity>
253        <activity
253-->src/main/AndroidManifest.xml:242:9-249:20
254            android:name="by.carkva_gazeta.malitounik.TonNaKoznyDzen"
254-->src/main/AndroidManifest.xml:243:13-70
255            android:label="@string/ton_sh"
255-->src/main/AndroidManifest.xml:244:13-43
256            android:theme="@style/AppTheme.NoActionBar" >
256-->src/main/AndroidManifest.xml:245:13-56
257            <meta-data
257-->src/main/AndroidManifest.xml:166:13-168:76
258                android:name="android.support.PARENT_ACTIVITY"
258-->src/main/AndroidManifest.xml:167:17-63
259                android:value="by.carkva_gazeta.malitounik.MainActivity" />
259-->src/main/AndroidManifest.xml:168:17-73
260        </activity>
261        <activity
261-->src/main/AndroidManifest.xml:250:9-258:20
262            android:name="by.carkva_gazeta.malitounik.WidgetConfig"
262-->src/main/AndroidManifest.xml:251:13-68
263            android:excludeFromRecents="true"
263-->src/main/AndroidManifest.xml:252:13-46
264            android:taskAffinity=""
264-->src/main/AndroidManifest.xml:253:13-36
265            android:theme="@style/Theme.Transparent" >
265-->src/main/AndroidManifest.xml:254:13-53
266            <intent-filter>
266-->src/main/AndroidManifest.xml:255:13-257:29
267                <action android:name="android.appwidget.action.APPWIDGET_CONFIGURE" />
267-->src/main/AndroidManifest.xml:256:17-87
267-->src/main/AndroidManifest.xml:256:25-84
268            </intent-filter>
269        </activity>
270        <activity
270-->src/main/AndroidManifest.xml:259:9-262:59
271            android:name="by.carkva_gazeta.malitounik.HelpText"
271-->src/main/AndroidManifest.xml:260:13-64
272            android:label="Даведка"
272-->src/main/AndroidManifest.xml:261:13-36
273            android:theme="@style/AppTheme.NoActionBar" />
273-->src/main/AndroidManifest.xml:262:13-56
274        <activity
274-->src/main/AndroidManifest.xml:263:9-269:20
275            android:name="by.carkva_gazeta.malitounik.NovyZapavietSemuxaList"
275-->src/main/AndroidManifest.xml:264:13-78
276            android:theme="@style/AppTheme.NoActionBar" >
276-->src/main/AndroidManifest.xml:265:13-56
277            <meta-data
277-->src/main/AndroidManifest.xml:166:13-168:76
278                android:name="android.support.PARENT_ACTIVITY"
278-->src/main/AndroidManifest.xml:167:17-63
279                android:value="by.carkva_gazeta.malitounik.MainActivity" />
279-->src/main/AndroidManifest.xml:168:17-73
280        </activity>
281        <activity
281-->src/main/AndroidManifest.xml:270:9-276:20
282            android:name="by.carkva_gazeta.malitounik.StaryZapavietSemuxaList"
282-->src/main/AndroidManifest.xml:271:13-79
283            android:theme="@style/AppTheme.NoActionBar" >
283-->src/main/AndroidManifest.xml:272:13-56
284            <meta-data
284-->src/main/AndroidManifest.xml:166:13-168:76
285                android:name="android.support.PARENT_ACTIVITY"
285-->src/main/AndroidManifest.xml:167:17-63
286                android:value="by.carkva_gazeta.malitounik.MainActivity" />
286-->src/main/AndroidManifest.xml:168:17-73
287        </activity>
288
289        <!-- android:icon="@drawable/book_icon" -->
290        <activity
290-->src/main/AndroidManifest.xml:279:9-285:20
291            android:name="by.carkva_gazeta.malitounik.NovyZapavietSinaidalList"
291-->src/main/AndroidManifest.xml:280:13-80
292            android:theme="@style/AppTheme.NoActionBar" >
292-->src/main/AndroidManifest.xml:281:13-56
293            <meta-data
293-->src/main/AndroidManifest.xml:166:13-168:76
294                android:name="android.support.PARENT_ACTIVITY"
294-->src/main/AndroidManifest.xml:167:17-63
295                android:value="by.carkva_gazeta.malitounik.MainActivity" />
295-->src/main/AndroidManifest.xml:168:17-73
296        </activity>
297        <activity
297-->src/main/AndroidManifest.xml:286:9-292:20
298            android:name="by.carkva_gazeta.malitounik.StaryZapavietSinaidalList"
298-->src/main/AndroidManifest.xml:287:13-81
299            android:theme="@style/AppTheme.NoActionBar" >
299-->src/main/AndroidManifest.xml:288:13-56
300            <meta-data
300-->src/main/AndroidManifest.xml:166:13-168:76
301                android:name="android.support.PARENT_ACTIVITY"
301-->src/main/AndroidManifest.xml:167:17-63
302                android:value="by.carkva_gazeta.malitounik.MainActivity" />
302-->src/main/AndroidManifest.xml:168:17-73
303        </activity>
304        <activity
304-->src/main/AndroidManifest.xml:294:9-301:20
305            android:name="by.carkva_gazeta.malitounik.NadsanContent"
305-->src/main/AndroidManifest.xml:295:13-69
306            android:label="@string/title_psalter"
306-->src/main/AndroidManifest.xml:296:13-50
307            android:theme="@style/AppTheme.NoActionBar" >
307-->src/main/AndroidManifest.xml:297:13-56
308            <meta-data
308-->src/main/AndroidManifest.xml:166:13-168:76
309                android:name="android.support.PARENT_ACTIVITY"
309-->src/main/AndroidManifest.xml:167:17-63
310                android:value="by.carkva_gazeta.malitounik.MainActivity" />
310-->src/main/AndroidManifest.xml:168:17-73
311        </activity>
312        <activity
312-->src/main/AndroidManifest.xml:302:9-309:20
313            android:name="by.carkva_gazeta.malitounik.PesnyAll"
313-->src/main/AndroidManifest.xml:303:13-64
314            android:label="@string/pesny3"
314-->src/main/AndroidManifest.xml:304:13-43
315            android:theme="@style/AppTheme.NoActionBar" >
315-->src/main/AndroidManifest.xml:305:13-56
316            <meta-data
316-->src/main/AndroidManifest.xml:166:13-168:76
317                android:name="android.support.PARENT_ACTIVITY"
317-->src/main/AndroidManifest.xml:167:17-63
318                android:value="by.carkva_gazeta.malitounik.MainActivity" />
318-->src/main/AndroidManifest.xml:168:17-73
319        </activity>
320
321        <meta-data
321-->src/main/AndroidManifest.xml:311:9-313:82
322            android:name="com.google.android.backup.api_key"
322-->src/main/AndroidManifest.xml:312:13-61
323            android:value="AEdPqrEAAAAInlVmnTmpjY-SZQXQdB2RUIqzm6pXcrryjHH1FQ" />
323-->src/main/AndroidManifest.xml:313:13-79
324
325        <provider
325-->src/main/AndroidManifest.xml:314:9-324:20
326            android:name="androidx.core.content.FileProvider"
326-->src/main/AndroidManifest.xml:315:13-62
327            android:authorities="by.carkva_gazeta.malitounik.fileprovider"
327-->src/main/AndroidManifest.xml:316:13-75
328            android:exported="false"
328-->src/main/AndroidManifest.xml:317:13-37
329            android:grantUriPermissions="true" >
329-->src/main/AndroidManifest.xml:318:13-47
330            <meta-data
330-->src/main/AndroidManifest.xml:320:13-323:52
331                android:name="android.support.FILE_PROVIDER_PATHS"
331-->src/main/AndroidManifest.xml:321:17-67
332                android:resource="@xml/file_path" />
332-->src/main/AndroidManifest.xml:322:17-50
333        </provider>
334
335        <receiver android:name="by.carkva_gazeta.malitounik.ReceiverBroad" />
335-->src/main/AndroidManifest.xml:326:9-78
335-->src/main/AndroidManifest.xml:326:19-75
336        <receiver
336-->src/main/AndroidManifest.xml:327:9-335:20
337            android:name="by.carkva_gazeta.malitounik.ReceiverBoot"
337-->src/main/AndroidManifest.xml:328:13-68
338            android:exported="false" >
338-->src/main/AndroidManifest.xml:329:13-37
339            <intent-filter>
339-->src/main/AndroidManifest.xml:330:13-334:29
340                <action android:name="android.intent.action.BOOT_COMPLETED" />
340-->src/main/AndroidManifest.xml:331:17-79
340-->src/main/AndroidManifest.xml:331:25-76
341                <action android:name="android.intent.action.QUICKBOOT_POWERON" />
341-->src/main/AndroidManifest.xml:332:17-82
341-->src/main/AndroidManifest.xml:332:25-79
342                <action android:name="com.htc.intent.action.QUICKBOOT_POWERON" />
342-->src/main/AndroidManifest.xml:333:17-82
342-->src/main/AndroidManifest.xml:333:25-79
343            </intent-filter>
344        </receiver>
345        <receiver android:name="by.carkva_gazeta.malitounik.Widget" >
345-->src/main/AndroidManifest.xml:336:9-343:20
345-->src/main/AndroidManifest.xml:336:19-68
346            <intent-filter>
346-->src/main/AndroidManifest.xml:337:13-339:29
347                <action android:name="android.appwidget.action.APPWIDGET_UPDATE" />
347-->src/main/AndroidManifest.xml:338:17-84
347-->src/main/AndroidManifest.xml:338:25-81
348            </intent-filter>
349
350            <meta-data
350-->src/main/AndroidManifest.xml:340:13-342:59
351                android:name="android.appwidget.provider"
351-->src/main/AndroidManifest.xml:341:17-58
352                android:resource="@xml/widget_metadata" />
352-->src/main/AndroidManifest.xml:342:17-56
353        </receiver>
354        <receiver android:name="by.carkva_gazeta.malitounik.WidgetMun" >
354-->src/main/AndroidManifest.xml:344:9-351:20
354-->src/main/AndroidManifest.xml:344:19-71
355            <intent-filter>
355-->src/main/AndroidManifest.xml:337:13-339:29
356                <action android:name="android.appwidget.action.APPWIDGET_UPDATE" />
356-->src/main/AndroidManifest.xml:338:17-84
356-->src/main/AndroidManifest.xml:338:25-81
357            </intent-filter>
358
359            <meta-data
359-->src/main/AndroidManifest.xml:340:13-342:59
360                android:name="android.appwidget.provider"